javac -cp ".:./src:../h2/bin/h2-1.4.191.jar:../h2/ext/blueprints-core-2.6.0.jar" ./src/BFSExperimentSQL2.java
java -cp ".:./src:../h2/bin/h2-1.4.191.jar:../h2/ext/blueprints-core-2.6.0.jar" -Xms6144m -Xmx8192m BFSExperimentSQL2
=====
SYSTEM START
Current time is: Fri May 06 19:58:59 EDT 2016
=====

=====
Elapsed time for SETUP phase : 0.66 seconds
Current time is: Fri May 06 19:59:00 EDT 2016
=====


=====
Starting new run with ID: 330
=====
Total nodes found: 859

=====
Elapsed time for this iteration : 24.78 seconds
Current time is: Fri May 06 19:59:24 EDT 2016
=====


=====
Starting new run with ID: 675
=====
Total nodes found: 859

=====
Elapsed time for this iteration : 21.76 seconds
Current time is: Fri May 06 19:59:46 EDT 2016
=====


=====
Starting new run with ID: 703
=====
Total nodes found: 1

=====
Elapsed time for this iteration : 0.04 seconds
Current time is: Fri May 06 19:59:46 EDT 2016
=====


=====
Starting new run with ID: 52
=====
Total nodes found: 859

=====
Elapsed time for this iteration : 21.71 seconds
Current time is: Fri May 06 20:00:08 EDT 2016
=====


=====
Starting new run with ID: 489
=====
Total nodes found: 859

=====
Elapsed time for this iteration : 21.34 seconds
Current time is: Fri May 06 20:00:29 EDT 2016
=====


=====
Starting new run with ID: 437
=====
Total nodes found: 859

=====
Elapsed time for this iteration : 21.86 seconds
Current time is: Fri May 06 20:00:51 EDT 2016
=====


=====
Starting new run with ID: 504
=====
Total nodes found: 859

=====
Elapsed time for this iteration : 22.05 seconds
Current time is: Fri May 06 20:01:13 EDT 2016
=====


=====
Starting new run with ID: 269
=====
Total nodes found: 859

=====
Elapsed time for this iteration : 21.59 seconds
Current time is: Fri May 06 20:01:35 EDT 2016
=====


=====
Starting new run with ID: 459
=====
Total nodes found: 859

=====
Elapsed time for this iteration : 21.65 seconds
Current time is: Fri May 06 20:01:56 EDT 2016
=====


=====
Starting new run with ID: 868
=====
Total nodes found: 859

=====
Elapsed time for this iteration : 21.98 seconds
Current time is: Fri May 06 20:02:18 EDT 2016
=====


=====
Starting new run with ID: 478
=====
Total nodes found: 859

=====
Elapsed time for this iteration : 21.83 seconds
Current time is: Fri May 06 20:02:40 EDT 2016
=====


=====
Starting new run with ID: 68
=====
Total nodes found: 859

=====
Elapsed time for this iteration : 21.44 seconds
Current time is: Fri May 06 20:03:02 EDT 2016
=====


=====
Starting new run with ID: 373
=====
Total nodes found: 859

=====
Elapsed time for this iteration : 21.99 seconds
Current time is: Fri May 06 20:03:24 EDT 2016
=====


=====
Starting new run with ID: 905
=====
Total nodes found: 1

=====
Elapsed time for this iteration : 0.04 seconds
Current time is: Fri May 06 20:03:24 EDT 2016
=====


=====
Starting new run with ID: 821
=====
Total nodes found: 859

=====
Elapsed time for this iteration : 22.06 seconds
Current time is: Fri May 06 20:03:46 EDT 2016
=====


=====
Starting new run with ID: 77
=====
Total nodes found: 859

=====
Elapsed time for this iteration : 21.96 seconds
Current time is: Fri May 06 20:04:08 EDT 2016
=====


=====
Starting new run with ID: 390
=====
Total nodes found: 859

=====
Elapsed time for this iteration : 21.75 seconds
Current time is: Fri May 06 20:04:30 EDT 2016
=====


=====
Starting new run with ID: 317
=====
Total nodes found: 859

=====
Elapsed time for this iteration : 22.18 seconds
Current time is: Fri May 06 20:04:52 EDT 2016
=====


=====
Starting new run with ID: 350
=====
Total nodes found: 859

=====
Elapsed time for this iteration : 22.01 seconds
Current time is: Fri May 06 20:05:14 EDT 2016
=====


=====
Starting new run with ID: 458
=====
Total nodes found: 859

=====
Elapsed time for this iteration : 21.64 seconds
Current time is: Fri May 06 20:05:35 EDT 2016
=====


=====
Starting new run with ID: 172
=====
Total nodes found: 859

=====
Elapsed time for this iteration : 21.82 seconds
Current time is: Fri May 06 20:05:57 EDT 2016
=====


=====
Starting new run with ID: 229
=====
Total nodes found: 859

=====
Elapsed time for this iteration : 22.09 seconds
Current time is: Fri May 06 20:06:19 EDT 2016
=====


=====
Starting new run with ID: 808
=====
Total nodes found: 859

=====
Elapsed time for this iteration : 21.90 seconds
Current time is: Fri May 06 20:06:41 EDT 2016
=====


=====
Starting new run with ID: 470
=====
Total nodes found: 859

=====
Elapsed time for this iteration : 21.56 seconds
Current time is: Fri May 06 20:07:03 EDT 2016
=====


=====
Starting new run with ID: 181
=====
Total nodes found: 3

=====
Elapsed time for this iteration : 0.12 seconds
Current time is: Fri May 06 20:07:03 EDT 2016
=====


=====
Starting new run with ID: 468
=====
Total nodes found: 0

=====
Elapsed time for this iteration : 0.02 seconds
Current time is: Fri May 06 20:07:03 EDT 2016
=====


=====
Starting new run with ID: 916
=====
Total nodes found: 859

=====
Elapsed time for this iteration : 22.59 seconds
Current time is: Fri May 06 20:07:25 EDT 2016
=====


=====
Starting new run with ID: 734
=====
Total nodes found: 859

=====
Elapsed time for this iteration : 22.18 seconds
Current time is: Fri May 06 20:07:48 EDT 2016
=====


=====
Starting new run with ID: 546
=====
Total nodes found: 859

=====
Elapsed time for this iteration : 21.91 seconds
Current time is: Fri May 06 20:08:10 EDT 2016
=====


=====
Starting new run with ID: 709
=====
Total nodes found: 859

=====
Elapsed time for this iteration : 21.46 seconds
Current time is: Fri May 06 20:08:31 EDT 2016
=====


=====
Starting new run with ID: 454
=====
Total nodes found: 0

=====
Elapsed time for this iteration : 0.02 seconds
Current time is: Fri May 06 20:08:31 EDT 2016
=====


=====
Starting new run with ID: 427
=====
Total nodes found: 859

=====
Elapsed time for this iteration : 21.99 seconds
Current time is: Fri May 06 20:08:53 EDT 2016
=====


=====
Starting new run with ID: 125
=====
Total nodes found: 859

=====
Elapsed time for this iteration : 22.28 seconds
Current time is: Fri May 06 20:09:15 EDT 2016
=====


=====
Starting new run with ID: 875
=====
Total nodes found: 1

=====
Elapsed time for this iteration : 0.04 seconds
Current time is: Fri May 06 20:09:15 EDT 2016
=====


=====
Starting new run with ID: 359
=====
Total nodes found: 859

=====
Elapsed time for this iteration : 21.61 seconds
Current time is: Fri May 06 20:09:37 EDT 2016
=====


=====
Starting new run with ID: 520
=====
Total nodes found: 1

=====
Elapsed time for this iteration : 0.05 seconds
Current time is: Fri May 06 20:09:37 EDT 2016
=====


=====
Starting new run with ID: 892
=====
Total nodes found: 859

=====
Elapsed time for this iteration : 21.40 seconds
Current time is: Fri May 06 20:09:58 EDT 2016
=====


=====
Starting new run with ID: 168
=====
Total nodes found: 859

=====
Elapsed time for this iteration : 22.08 seconds
Current time is: Fri May 06 20:10:20 EDT 2016
=====


=====
Starting new run with ID: 856
=====
Total nodes found: 0

=====
Elapsed time for this iteration : 0.02 seconds
Current time is: Fri May 06 20:10:21 EDT 2016
=====


=====
Starting new run with ID: 388
=====
Total nodes found: 859

=====
Elapsed time for this iteration : 21.91 seconds
Current time is: Fri May 06 20:10:42 EDT 2016
=====


=====
Starting new run with ID: 590
=====
Total nodes found: 1

=====
Elapsed time for this iteration : 0.05 seconds
Current time is: Fri May 06 20:10:42 EDT 2016
=====


=====
Starting new run with ID: 126
=====
Total nodes found: 0

=====
Elapsed time for this iteration : 0.02 seconds
Current time is: Fri May 06 20:10:42 EDT 2016
=====


=====
Starting new run with ID: 553
=====
Total nodes found: 859

=====
Elapsed time for this iteration : 21.57 seconds
Current time is: Fri May 06 20:11:04 EDT 2016
=====


=====
Starting new run with ID: 125
=====
Total nodes found: 859

=====
Elapsed time for this iteration : 21.82 seconds
Current time is: Fri May 06 20:11:26 EDT 2016
=====


=====
Starting new run with ID: 930
=====
Total nodes found: 859

=====
Elapsed time for this iteration : 22.03 seconds
Current time is: Fri May 06 20:11:48 EDT 2016
=====


=====
Starting new run with ID: 909
=====
Total nodes found: 859

=====
Elapsed time for this iteration : 22.04 seconds
Current time is: Fri May 06 20:12:10 EDT 2016
=====


=====
Starting new run with ID: 719
=====
Total nodes found: 859

=====
Elapsed time for this iteration : 21.37 seconds
Current time is: Fri May 06 20:12:31 EDT 2016
=====


=====
Starting new run with ID: 210
=====
Total nodes found: 859

=====
Elapsed time for this iteration : 21.76 seconds
Current time is: Fri May 06 20:12:53 EDT 2016
=====


=====
Starting new run with ID: 303
=====
Total nodes found: 859

=====
Elapsed time for this iteration : 22.10 seconds
Current time is: Fri May 06 20:13:15 EDT 2016
=====


=====
Starting new run with ID: 938
=====
Total nodes found: 859

=====
Elapsed time for this iteration : 21.95 seconds
Current time is: Fri May 06 20:13:37 EDT 2016
=====


=====
Starting new run with ID: 572
=====
Total nodes found: 859

=====
Elapsed time for this iteration : 21.86 seconds
Current time is: Fri May 06 20:13:59 EDT 2016
=====


=====
Starting new run with ID: 874
=====
Total nodes found: 0

=====
Elapsed time for this iteration : 0.02 seconds
Current time is: Fri May 06 20:13:59 EDT 2016
=====


=====
Starting new run with ID: 21
=====
Total nodes found: 859

=====
Elapsed time for this iteration : 21.96 seconds
Current time is: Fri May 06 20:14:21 EDT 2016
=====


=====
Starting new run with ID: 672
=====
Total nodes found: 859

=====
Elapsed time for this iteration : 21.97 seconds
Current time is: Fri May 06 20:14:43 EDT 2016
=====


=====
Starting new run with ID: 47
=====
Total nodes found: 859

=====
Elapsed time for this iteration : 21.62 seconds
Current time is: Fri May 06 20:15:05 EDT 2016
=====


=====
Starting new run with ID: 438
=====
Total nodes found: 859

=====
Elapsed time for this iteration : 21.80 seconds
Current time is: Fri May 06 20:15:26 EDT 2016
=====


=====
Starting new run with ID: 306
=====
Total nodes found: 859

=====
Elapsed time for this iteration : 21.87 seconds
Current time is: Fri May 06 20:15:48 EDT 2016
=====


=====
Starting new run with ID: 901
=====
Total nodes found: 859

=====
Elapsed time for this iteration : 21.97 seconds
Current time is: Fri May 06 20:16:10 EDT 2016
=====


=====
Starting new run with ID: 965
=====
Total nodes found: 0

=====
Elapsed time for this iteration : 0.02 seconds
Current time is: Fri May 06 20:16:10 EDT 2016
=====


=====
Starting new run with ID: 344
=====
Total nodes found: 859

=====
Elapsed time for this iteration : 21.60 seconds
Current time is: Fri May 06 20:16:32 EDT 2016
=====


=====
Starting new run with ID: 497
=====
Total nodes found: 859

=====
Elapsed time for this iteration : 21.96 seconds
Current time is: Fri May 06 20:16:54 EDT 2016
=====


=====
Starting new run with ID: 532
=====
Total nodes found: 859

=====
Elapsed time for this iteration : 22.10 seconds
Current time is: Fri May 06 20:17:16 EDT 2016
=====


=====
Starting new run with ID: 544
=====
Total nodes found: 859

=====
Elapsed time for this iteration : 21.63 seconds
Current time is: Fri May 06 20:17:37 EDT 2016
=====


=====
Starting new run with ID: 991
=====
Total nodes found: 859

=====
Elapsed time for this iteration : 21.74 seconds
Current time is: Fri May 06 20:17:59 EDT 2016
=====


=====
Starting new run with ID: 901
=====
Total nodes found: 859

=====
Elapsed time for this iteration : 21.80 seconds
Current time is: Fri May 06 20:18:21 EDT 2016
=====


=====
Starting new run with ID: 514
=====
Total nodes found: 859

=====
Elapsed time for this iteration : 21.93 seconds
Current time is: Fri May 06 20:18:43 EDT 2016
=====


=====
Starting new run with ID: 915
=====
Total nodes found: 859

=====
Elapsed time for this iteration : 21.51 seconds
Current time is: Fri May 06 20:19:04 EDT 2016
=====


=====
Starting new run with ID: 360
=====
Total nodes found: 859

=====
Elapsed time for this iteration : 21.84 seconds
Current time is: Fri May 06 20:19:26 EDT 2016
=====


=====
Starting new run with ID: 772
=====
Total nodes found: 859

=====
Elapsed time for this iteration : 22.01 seconds
Current time is: Fri May 06 20:19:48 EDT 2016
=====


=====
Starting new run with ID: 247
=====
Total nodes found: 859

=====
Elapsed time for this iteration : 21.80 seconds
Current time is: Fri May 06 20:20:10 EDT 2016
=====


=====
Starting new run with ID: 576
=====
Total nodes found: 859

=====
Elapsed time for this iteration : 21.46 seconds
Current time is: Fri May 06 20:20:32 EDT 2016
=====


=====
Starting new run with ID: 443
=====
Total nodes found: 859

=====
Elapsed time for this iteration : 22.03 seconds
Current time is: Fri May 06 20:20:54 EDT 2016
=====


=====
Starting new run with ID: 342
=====
Total nodes found: 859

=====
Elapsed time for this iteration : 22.07 seconds
Current time is: Fri May 06 20:21:16 EDT 2016
=====


=====
Starting new run with ID: 611
=====
Total nodes found: 859

=====
Elapsed time for this iteration : 21.64 seconds
Current time is: Fri May 06 20:21:37 EDT 2016
=====


=====
Starting new run with ID: 480
=====
Total nodes found: 859

=====
Elapsed time for this iteration : 21.51 seconds
Current time is: Fri May 06 20:21:59 EDT 2016
=====


=====
Starting new run with ID: 230
=====
Total nodes found: 859

=====
Elapsed time for this iteration : 22.05 seconds
Current time is: Fri May 06 20:22:21 EDT 2016
=====


=====
Starting new run with ID: 925
=====
Total nodes found: 859

=====
Elapsed time for this iteration : 21.85 seconds
Current time is: Fri May 06 20:22:43 EDT 2016
=====


=====
Starting new run with ID: 587
=====
Total nodes found: 859

=====
Elapsed time for this iteration : 21.40 seconds
Current time is: Fri May 06 20:23:04 EDT 2016
=====


=====
Starting new run with ID: 762
=====
Total nodes found: 2

=====
Elapsed time for this iteration : 0.07 seconds
Current time is: Fri May 06 20:23:04 EDT 2016
=====


=====
Starting new run with ID: 850
=====
Total nodes found: 859

=====
Elapsed time for this iteration : 21.83 seconds
Current time is: Fri May 06 20:23:26 EDT 2016
=====


=====
Starting new run with ID: 830
=====
Total nodes found: 859

=====
Elapsed time for this iteration : 21.91 seconds
Current time is: Fri May 06 20:23:48 EDT 2016
=====


=====
Starting new run with ID: 87
=====
Total nodes found: 859

=====
Elapsed time for this iteration : 21.85 seconds
Current time is: Fri May 06 20:24:10 EDT 2016
=====


=====
Starting new run with ID: 327
=====
Total nodes found: 859

=====
Elapsed time for this iteration : 21.39 seconds
Current time is: Fri May 06 20:24:31 EDT 2016
=====


=====
Starting new run with ID: 144
=====
Total nodes found: 859

=====
Elapsed time for this iteration : 21.81 seconds
Current time is: Fri May 06 20:24:53 EDT 2016
=====


=====
Starting new run with ID: 149
=====
Total nodes found: 859

=====
Elapsed time for this iteration : 21.97 seconds
Current time is: Fri May 06 20:25:15 EDT 2016
=====


=====
Starting new run with ID: 113
=====
Total nodes found: 859

=====
Elapsed time for this iteration : 21.67 seconds
Current time is: Fri May 06 20:25:37 EDT 2016
=====


=====
Starting new run with ID: 33
=====
Total nodes found: 1

=====
Elapsed time for this iteration : 0.05 seconds
Current time is: Fri May 06 20:25:37 EDT 2016
=====


=====
Starting new run with ID: 239
=====
Total nodes found: 859

=====
Elapsed time for this iteration : 21.51 seconds
Current time is: Fri May 06 20:25:58 EDT 2016
=====


=====
Starting new run with ID: 159
=====
Total nodes found: 859

=====
Elapsed time for this iteration : 22.03 seconds
Current time is: Fri May 06 20:26:20 EDT 2016
=====


=====
Starting new run with ID: 923
=====
Total nodes found: 859

=====
Elapsed time for this iteration : 22.02 seconds
Current time is: Fri May 06 20:26:42 EDT 2016
=====


=====
Starting new run with ID: 188
=====
Total nodes found: 859

=====
Elapsed time for this iteration : 21.43 seconds
Current time is: Fri May 06 20:27:04 EDT 2016
=====


=====
Starting new run with ID: 134
=====
Total nodes found: 859

=====
Elapsed time for this iteration : 21.89 seconds
Current time is: Fri May 06 20:27:26 EDT 2016
=====


=====
Starting new run with ID: 136
=====
Total nodes found: 0

=====
Elapsed time for this iteration : 0.02 seconds
Current time is: Fri May 06 20:27:26 EDT 2016
=====


=====
Starting new run with ID: 197
=====
Total nodes found: 859

=====
Elapsed time for this iteration : 21.88 seconds
Current time is: Fri May 06 20:27:47 EDT 2016
=====


=====
Starting new run with ID: 893
=====
Total nodes found: 859

=====
Elapsed time for this iteration : 21.67 seconds
Current time is: Fri May 06 20:28:09 EDT 2016
=====


=====
Starting new run with ID: 136
=====
Total nodes found: 0

=====
Elapsed time for this iteration : 0.03 seconds
Current time is: Fri May 06 20:28:09 EDT 2016
=====


=====
Starting new run with ID: 510
=====
Total nodes found: 0

=====
Elapsed time for this iteration : 0.03 seconds
Current time is: Fri May 06 20:28:09 EDT 2016
=====


=====
Starting new run with ID: 403
=====
Total nodes found: 859

=====
Elapsed time for this iteration : 21.51 seconds
Current time is: Fri May 06 20:28:31 EDT 2016
=====


=====
Starting new run with ID: 143
=====
Total nodes found: 859

=====
Elapsed time for this iteration : 21.99 seconds
Current time is: Fri May 06 20:28:53 EDT 2016
=====


=====
Starting new run with ID: 465
=====
Total nodes found: 859

=====
Elapsed time for this iteration : 21.89 seconds
Current time is: Fri May 06 20:29:15 EDT 2016
=====

=====
Elapsed time for EXPERIMENTAL phase : 1814.94 seconds
Current time is: Fri May 06 20:29:15 EDT 2016
=====

=====
REPORT
=====
330,24.78,859
675,21.76,859
703,0.04,1
52,21.71,859
489,21.34,859
437,21.86,859
504,22.05,859
269,21.59,859
459,21.65,859
868,21.98,859
478,21.83,859
68,21.44,859
373,21.99,859
905,0.04,1
821,22.06,859
77,21.96,859
390,21.75,859
317,22.18,859
350,22.01,859
458,21.64,859
172,21.82,859
229,22.09,859
808,21.90,859
470,21.56,859
181,0.12,3
468,0.02,0
916,22.59,859
734,22.18,859
546,21.91,859
709,21.46,859
454,0.02,0
427,21.99,859
125,22.28,859
875,0.04,1
359,21.61,859
520,0.05,1
892,21.40,859
168,22.08,859
856,0.02,0
388,21.91,859
590,0.05,1
126,0.02,0
553,21.57,859
125,21.82,859
930,22.03,859
909,22.04,859
719,21.37,859
210,21.76,859
303,22.10,859
938,21.95,859
572,21.86,859
874,0.02,0
21,21.96,859
672,21.97,859
47,21.62,859
438,21.80,859
306,21.87,859
901,21.97,859
965,0.02,0
344,21.60,859
497,21.96,859
532,22.10,859
544,21.63,859
991,21.74,859
901,21.80,859
514,21.93,859
915,21.51,859
360,21.84,859
772,22.01,859
247,21.80,859
576,21.46,859
443,22.03,859
342,22.07,859
611,21.64,859
480,21.51,859
230,22.05,859
925,21.85,859
587,21.40,859
762,0.07,2
850,21.83,859
830,21.91,859
87,21.85,859
327,21.39,859
144,21.81,859
149,21.97,859
113,21.67,859
33,0.05,1
239,21.51,859
159,22.03,859
923,22.02,859
188,21.43,859
134,21.89,859
136,0.02,0
197,21.88,859
893,21.67,859
136,0.03,0
510,0.03,0
403,21.51,859
143,21.99,859
465,21.89,859
