javac -cp ".:./src:../h2/bin/h2-1.4.191.jar:../h2/ext/blueprints-core-2.6.0.jar" ./src/BFSExperimentSQL2.java
java -cp ".:./src:../h2/bin/h2-1.4.191.jar:../h2/ext/blueprints-core-2.6.0.jar" -Xms6144m -Xmx8192m BFSExperimentSQL2
=====
SYSTEM START
Current time is: Sun May 08 13:14:28 EDT 2016
=====

=====
Elapsed time for SETUP phase : 0.66 seconds
Current time is: Sun May 08 13:14:28 EDT 2016
=====


=====
Starting new run with ID: 931
=====
Total nodes found: 859

=====
Elapsed time for this iteration : 24.44 seconds
Current time is: Sun May 08 13:14:53 EDT 2016
=====


=====
Starting new run with ID: 314
=====
Total nodes found: 859

=====
Elapsed time for this iteration : 22.83 seconds
Current time is: Sun May 08 13:15:16 EDT 2016
=====


=====
Starting new run with ID: 149
=====
Total nodes found: 859

=====
Elapsed time for this iteration : 22.94 seconds
Current time is: Sun May 08 13:15:39 EDT 2016
=====


=====
Starting new run with ID: 722
=====
Total nodes found: 859

=====
Elapsed time for this iteration : 22.88 seconds
Current time is: Sun May 08 13:16:02 EDT 2016
=====


=====
Starting new run with ID: 769
=====
Total nodes found: 859

=====
Elapsed time for this iteration : 22.66 seconds
Current time is: Sun May 08 13:16:24 EDT 2016
=====


=====
Starting new run with ID: 935
=====
Total nodes found: 859

=====
Elapsed time for this iteration : 22.56 seconds
Current time is: Sun May 08 13:16:47 EDT 2016
=====


=====
Starting new run with ID: 192
=====
Total nodes found: 859

=====
Elapsed time for this iteration : 22.88 seconds
Current time is: Sun May 08 13:17:10 EDT 2016
=====


=====
Starting new run with ID: 525
=====
Total nodes found: 859

=====
Elapsed time for this iteration : 21.82 seconds
Current time is: Sun May 08 13:17:31 EDT 2016
=====


=====
Starting new run with ID: 347
=====
Total nodes found: 859

=====
Elapsed time for this iteration : 21.78 seconds
Current time is: Sun May 08 13:17:53 EDT 2016
=====


=====
Starting new run with ID: 239
=====
Total nodes found: 859

=====
Elapsed time for this iteration : 22.46 seconds
Current time is: Sun May 08 13:18:16 EDT 2016
=====


=====
Starting new run with ID: 231
=====
Total nodes found: 859

=====
Elapsed time for this iteration : 22.37 seconds
Current time is: Sun May 08 13:18:38 EDT 2016
=====


=====
Starting new run with ID: 121
=====
Total nodes found: 859

=====
Elapsed time for this iteration : 22.23 seconds
Current time is: Sun May 08 13:19:00 EDT 2016
=====


=====
Starting new run with ID: 509
=====
Total nodes found: 0

=====
Elapsed time for this iteration : 0.03 seconds
Current time is: Sun May 08 13:19:00 EDT 2016
=====


=====
Starting new run with ID: 507
=====
Total nodes found: 859

=====
Elapsed time for this iteration : 21.98 seconds
Current time is: Sun May 08 13:19:22 EDT 2016
=====


=====
Starting new run with ID: 742
=====
Total nodes found: 859

=====
Elapsed time for this iteration : 22.10 seconds
Current time is: Sun May 08 13:19:44 EDT 2016
=====


=====
Starting new run with ID: 116
=====
Total nodes found: 859

=====
Elapsed time for this iteration : 22.36 seconds
Current time is: Sun May 08 13:20:07 EDT 2016
=====


=====
Starting new run with ID: 704
=====
Total nodes found: 859

=====
Elapsed time for this iteration : 22.27 seconds
Current time is: Sun May 08 13:20:29 EDT 2016
=====


=====
Starting new run with ID: 960
=====
Total nodes found: 0

=====
Elapsed time for this iteration : 0.02 seconds
Current time is: Sun May 08 13:20:29 EDT 2016
=====


=====
Starting new run with ID: 548
=====
Total nodes found: 859

=====
Elapsed time for this iteration : 22.41 seconds
Current time is: Sun May 08 13:20:51 EDT 2016
=====


=====
Starting new run with ID: 879
=====
Total nodes found: 0

=====
Elapsed time for this iteration : 0.02 seconds
Current time is: Sun May 08 13:20:51 EDT 2016
=====


=====
Starting new run with ID: 201
=====
Total nodes found: 859

=====
Elapsed time for this iteration : 22.58 seconds
Current time is: Sun May 08 13:21:14 EDT 2016
=====


=====
Starting new run with ID: 516
=====
Total nodes found: 859

=====
Elapsed time for this iteration : 22.48 seconds
Current time is: Sun May 08 13:21:37 EDT 2016
=====


=====
Starting new run with ID: 675
=====
Total nodes found: 859

=====
Elapsed time for this iteration : 21.99 seconds
Current time is: Sun May 08 13:21:58 EDT 2016
=====


=====
Starting new run with ID: 837
=====
Total nodes found: 859

=====
Elapsed time for this iteration : 22.01 seconds
Current time is: Sun May 08 13:22:21 EDT 2016
=====


=====
Starting new run with ID: 541
=====
Total nodes found: 859

=====
Elapsed time for this iteration : 22.26 seconds
Current time is: Sun May 08 13:22:43 EDT 2016
=====


=====
Starting new run with ID: 628
=====
Total nodes found: 859

=====
Elapsed time for this iteration : 22.10 seconds
Current time is: Sun May 08 13:23:05 EDT 2016
=====


=====
Starting new run with ID: 789
=====
Total nodes found: 859

=====
Elapsed time for this iteration : 21.94 seconds
Current time is: Sun May 08 13:23:27 EDT 2016
=====


=====
Starting new run with ID: 415
=====
Total nodes found: 859

=====
Elapsed time for this iteration : 21.92 seconds
Current time is: Sun May 08 13:23:49 EDT 2016
=====


=====
Starting new run with ID: 479
=====
Total nodes found: 859

=====
Elapsed time for this iteration : 22.02 seconds
Current time is: Sun May 08 13:24:11 EDT 2016
=====


=====
Starting new run with ID: 743
=====
Total nodes found: 859

=====
Elapsed time for this iteration : 22.08 seconds
Current time is: Sun May 08 13:24:33 EDT 2016
=====


=====
Starting new run with ID: 838
=====
Total nodes found: 859

=====
Elapsed time for this iteration : 21.96 seconds
Current time is: Sun May 08 13:24:55 EDT 2016
=====


=====
Starting new run with ID: 199
=====
Total nodes found: 859

=====
Elapsed time for this iteration : 22.25 seconds
Current time is: Sun May 08 13:25:17 EDT 2016
=====


=====
Starting new run with ID: 281
=====
Total nodes found: 859

=====
Elapsed time for this iteration : 22.65 seconds
Current time is: Sun May 08 13:25:40 EDT 2016
=====


=====
Starting new run with ID: 195
=====
Total nodes found: 859

=====
Elapsed time for this iteration : 23.00 seconds
Current time is: Sun May 08 13:26:03 EDT 2016
=====


=====
Starting new run with ID: 241
=====
Total nodes found: 859

=====
Elapsed time for this iteration : 22.31 seconds
Current time is: Sun May 08 13:26:25 EDT 2016
=====


=====
Starting new run with ID: 991
=====
Total nodes found: 859

=====
Elapsed time for this iteration : 22.29 seconds
Current time is: Sun May 08 13:26:47 EDT 2016
=====


=====
Starting new run with ID: 905
=====
Total nodes found: 1

=====
Elapsed time for this iteration : 0.05 seconds
Current time is: Sun May 08 13:26:47 EDT 2016
=====


=====
Starting new run with ID: 482
=====
Total nodes found: 859

=====
Elapsed time for this iteration : 22.48 seconds
Current time is: Sun May 08 13:27:10 EDT 2016
=====


=====
Starting new run with ID: 643
=====
Total nodes found: 859

=====
Elapsed time for this iteration : 22.46 seconds
Current time is: Sun May 08 13:27:32 EDT 2016
=====


=====
Starting new run with ID: 78
=====
Total nodes found: 859

=====
Elapsed time for this iteration : 22.81 seconds
Current time is: Sun May 08 13:27:55 EDT 2016
=====


=====
Starting new run with ID: 698
=====
Total nodes found: 859

=====
Elapsed time for this iteration : 22.43 seconds
Current time is: Sun May 08 13:28:18 EDT 2016
=====


=====
Starting new run with ID: 672
=====
Total nodes found: 859

=====
Elapsed time for this iteration : 22.83 seconds
Current time is: Sun May 08 13:28:40 EDT 2016
=====


=====
Starting new run with ID: 491
=====
Total nodes found: 859

=====
Elapsed time for this iteration : 22.67 seconds
Current time is: Sun May 08 13:29:03 EDT 2016
=====


=====
Starting new run with ID: 326
=====
Total nodes found: 859

=====
Elapsed time for this iteration : 22.02 seconds
Current time is: Sun May 08 13:29:25 EDT 2016
=====


=====
Starting new run with ID: 956
=====
Total nodes found: 859

=====
Elapsed time for this iteration : 22.26 seconds
Current time is: Sun May 08 13:29:47 EDT 2016
=====


=====
Starting new run with ID: 596
=====
Total nodes found: 859

=====
Elapsed time for this iteration : 22.49 seconds
Current time is: Sun May 08 13:30:10 EDT 2016
=====


=====
Starting new run with ID: 147
=====
Total nodes found: 859

=====
Elapsed time for this iteration : 22.27 seconds
Current time is: Sun May 08 13:30:32 EDT 2016
=====


=====
Starting new run with ID: 133
=====
Total nodes found: 859

=====
Elapsed time for this iteration : 22.00 seconds
Current time is: Sun May 08 13:30:54 EDT 2016
=====


=====
Starting new run with ID: 190
=====
Total nodes found: 859

=====
Elapsed time for this iteration : 22.32 seconds
Current time is: Sun May 08 13:31:16 EDT 2016
=====


=====
Starting new run with ID: 593
=====
Total nodes found: 0

=====
Elapsed time for this iteration : 0.02 seconds
Current time is: Sun May 08 13:31:16 EDT 2016
=====


=====
Starting new run with ID: 424
=====
Total nodes found: 859

=====
Elapsed time for this iteration : 22.42 seconds
Current time is: Sun May 08 13:31:39 EDT 2016
=====


=====
Starting new run with ID: 549
=====
Total nodes found: 859

=====
Elapsed time for this iteration : 21.98 seconds
Current time is: Sun May 08 13:32:01 EDT 2016
=====


=====
Starting new run with ID: 568
=====
Total nodes found: 859

=====
Elapsed time for this iteration : 22.01 seconds
Current time is: Sun May 08 13:32:23 EDT 2016
=====


=====
Starting new run with ID: 607
=====
Total nodes found: 859

=====
Elapsed time for this iteration : 22.45 seconds
Current time is: Sun May 08 13:32:45 EDT 2016
=====


=====
Starting new run with ID: 428
=====
Total nodes found: 859

=====
Elapsed time for this iteration : 22.01 seconds
Current time is: Sun May 08 13:33:07 EDT 2016
=====


=====
Starting new run with ID: 258
=====
Total nodes found: 859

=====
Elapsed time for this iteration : 21.98 seconds
Current time is: Sun May 08 13:33:29 EDT 2016
=====


=====
Starting new run with ID: 541
=====
Total nodes found: 859

=====
Elapsed time for this iteration : 22.74 seconds
Current time is: Sun May 08 13:33:52 EDT 2016
=====


=====
Starting new run with ID: 851
=====
Total nodes found: 859

=====
Elapsed time for this iteration : 23.53 seconds
Current time is: Sun May 08 13:34:16 EDT 2016
=====


=====
Starting new run with ID: 501
=====
Total nodes found: 859

=====
Elapsed time for this iteration : 22.63 seconds
Current time is: Sun May 08 13:34:38 EDT 2016
=====


=====
Starting new run with ID: 752
=====
Total nodes found: 0

=====
Elapsed time for this iteration : 0.02 seconds
Current time is: Sun May 08 13:34:38 EDT 2016
=====


=====
Starting new run with ID: 885
=====
Total nodes found: 859

=====
Elapsed time for this iteration : 22.69 seconds
Current time is: Sun May 08 13:35:01 EDT 2016
=====


=====
Starting new run with ID: 56
=====
Total nodes found: 859

=====
Elapsed time for this iteration : 22.65 seconds
Current time is: Sun May 08 13:35:24 EDT 2016
=====


=====
Starting new run with ID: 919
=====
Total nodes found: 859

=====
Elapsed time for this iteration : 22.61 seconds
Current time is: Sun May 08 13:35:46 EDT 2016
=====


=====
Starting new run with ID: 375
=====
Total nodes found: 1

=====
Elapsed time for this iteration : 0.05 seconds
Current time is: Sun May 08 13:35:46 EDT 2016
=====


=====
Starting new run with ID: 752
=====
Total nodes found: 0

=====
Elapsed time for this iteration : 0.02 seconds
Current time is: Sun May 08 13:35:46 EDT 2016
=====


=====
Starting new run with ID: 976
=====
Total nodes found: 859

=====
Elapsed time for this iteration : 22.08 seconds
Current time is: Sun May 08 13:36:08 EDT 2016
=====


=====
Starting new run with ID: 564
=====
Total nodes found: 859

=====
Elapsed time for this iteration : 22.77 seconds
Current time is: Sun May 08 13:36:31 EDT 2016
=====


=====
Starting new run with ID: 524
=====
Total nodes found: 859

=====
Elapsed time for this iteration : 22.18 seconds
Current time is: Sun May 08 13:36:53 EDT 2016
=====


=====
Starting new run with ID: 718
=====
Total nodes found: 859

=====
Elapsed time for this iteration : 22.33 seconds
Current time is: Sun May 08 13:37:16 EDT 2016
=====


=====
Starting new run with ID: 115
=====
Total nodes found: 859

=====
Elapsed time for this iteration : 22.38 seconds
Current time is: Sun May 08 13:37:38 EDT 2016
=====


=====
Starting new run with ID: 740
=====
Total nodes found: 859

=====
Elapsed time for this iteration : 22.12 seconds
Current time is: Sun May 08 13:38:00 EDT 2016
=====


=====
Starting new run with ID: 101
=====
Total nodes found: 859

=====
Elapsed time for this iteration : 22.26 seconds
Current time is: Sun May 08 13:38:22 EDT 2016
=====


=====
Starting new run with ID: 980
=====
Total nodes found: 859

=====
Elapsed time for this iteration : 22.46 seconds
Current time is: Sun May 08 13:38:45 EDT 2016
=====


=====
Starting new run with ID: 354
=====
Total nodes found: 859

=====
Elapsed time for this iteration : 22.26 seconds
Current time is: Sun May 08 13:39:07 EDT 2016
=====


=====
Starting new run with ID: 927
=====
Total nodes found: 859

=====
Elapsed time for this iteration : 22.24 seconds
Current time is: Sun May 08 13:39:29 EDT 2016
=====


=====
Starting new run with ID: 680
=====
Total nodes found: 0

=====
Elapsed time for this iteration : 0.03 seconds
Current time is: Sun May 08 13:39:29 EDT 2016
=====


=====
Starting new run with ID: 850
=====
Total nodes found: 859

=====
Elapsed time for this iteration : 22.84 seconds
Current time is: Sun May 08 13:39:52 EDT 2016
=====


=====
Starting new run with ID: 433
=====
Total nodes found: 859

=====
Elapsed time for this iteration : 22.71 seconds
Current time is: Sun May 08 13:40:15 EDT 2016
=====


=====
Starting new run with ID: 63
=====
Total nodes found: 859

=====
Elapsed time for this iteration : 22.70 seconds
Current time is: Sun May 08 13:40:38 EDT 2016
=====


=====
Starting new run with ID: 24
=====
Total nodes found: 859

=====
Elapsed time for this iteration : 22.96 seconds
Current time is: Sun May 08 13:41:00 EDT 2016
=====


=====
Starting new run with ID: 607
=====
Total nodes found: 859

=====
Elapsed time for this iteration : 22.14 seconds
Current time is: Sun May 08 13:41:23 EDT 2016
=====


=====
Starting new run with ID: 575
=====
Total nodes found: 859

=====
Elapsed time for this iteration : 22.71 seconds
Current time is: Sun May 08 13:41:45 EDT 2016
=====


=====
Starting new run with ID: 275
=====
Total nodes found: 859

=====
Elapsed time for this iteration : 22.27 seconds
Current time is: Sun May 08 13:42:08 EDT 2016
=====


=====
Starting new run with ID: 878
=====
Total nodes found: 859

=====
Elapsed time for this iteration : 22.47 seconds
Current time is: Sun May 08 13:42:30 EDT 2016
=====


=====
Starting new run with ID: 773
=====
Total nodes found: 859

=====
Elapsed time for this iteration : 22.13 seconds
Current time is: Sun May 08 13:42:52 EDT 2016
=====


=====
Starting new run with ID: 835
=====
Total nodes found: 859

=====
Elapsed time for this iteration : 22.40 seconds
Current time is: Sun May 08 13:43:15 EDT 2016
=====


=====
Starting new run with ID: 38
=====
Total nodes found: 859

=====
Elapsed time for this iteration : 22.38 seconds
Current time is: Sun May 08 13:43:37 EDT 2016
=====


=====
Starting new run with ID: 264
=====
Total nodes found: 859

=====
Elapsed time for this iteration : 22.33 seconds
Current time is: Sun May 08 13:43:59 EDT 2016
=====


=====
Starting new run with ID: 226
=====
Total nodes found: 859

=====
Elapsed time for this iteration : 22.32 seconds
Current time is: Sun May 08 13:44:22 EDT 2016
=====


=====
Starting new run with ID: 252
=====
Total nodes found: 859

=====
Elapsed time for this iteration : 22.36 seconds
Current time is: Sun May 08 13:44:44 EDT 2016
=====


=====
Starting new run with ID: 319
=====
Total nodes found: 859

=====
Elapsed time for this iteration : 22.46 seconds
Current time is: Sun May 08 13:45:06 EDT 2016
=====


=====
Starting new run with ID: 664
=====
Total nodes found: 859

=====
Elapsed time for this iteration : 22.11 seconds
Current time is: Sun May 08 13:45:29 EDT 2016
=====


=====
Starting new run with ID: 683
=====
Total nodes found: 0

=====
Elapsed time for this iteration : 0.02 seconds
Current time is: Sun May 08 13:45:29 EDT 2016
=====


=====
Starting new run with ID: 221
=====
Total nodes found: 859

=====
Elapsed time for this iteration : 22.26 seconds
Current time is: Sun May 08 13:45:51 EDT 2016
=====


=====
Starting new run with ID: 9
=====
Total nodes found: 859

=====
Elapsed time for this iteration : 22.21 seconds
Current time is: Sun May 08 13:46:13 EDT 2016
=====


=====
Starting new run with ID: 532
=====
Total nodes found: 859

=====
Elapsed time for this iteration : 22.51 seconds
Current time is: Sun May 08 13:46:36 EDT 2016
=====


=====
Starting new run with ID: 69
=====
Total nodes found: 859

=====
Elapsed time for this iteration : 22.00 seconds
Current time is: Sun May 08 13:46:58 EDT 2016
=====


=====
Starting new run with ID: 724
=====
Total nodes found: 859

=====
Elapsed time for this iteration : 22.03 seconds
Current time is: Sun May 08 13:47:20 EDT 2016
=====


=====
Starting new run with ID: 42
=====
Total nodes found: 859

=====
Elapsed time for this iteration : 22.12 seconds
Current time is: Sun May 08 13:47:42 EDT 2016
=====


=====
Starting new run with ID: 965
=====
Total nodes found: 0

=====
Elapsed time for this iteration : 0.02 seconds
Current time is: Sun May 08 13:47:42 EDT 2016
=====

=====
Elapsed time for EXPERIMENTAL phase : 1993.39 seconds
Current time is: Sun May 08 13:47:42 EDT 2016
=====

=====
REPORT
=====
931,24.44,859
314,22.83,859
149,22.94,859
722,22.88,859
769,22.66,859
935,22.56,859
192,22.88,859
525,21.82,859
347,21.78,859
239,22.46,859
231,22.37,859
121,22.23,859
509,0.03,0
507,21.98,859
742,22.10,859
116,22.36,859
704,22.27,859
960,0.02,0
548,22.41,859
879,0.02,0
201,22.58,859
516,22.48,859
675,21.99,859
837,22.01,859
541,22.26,859
628,22.10,859
789,21.94,859
415,21.92,859
479,22.02,859
743,22.08,859
838,21.96,859
199,22.25,859
281,22.65,859
195,23.00,859
241,22.31,859
991,22.29,859
905,0.05,1
482,22.48,859
643,22.46,859
78,22.81,859
698,22.43,859
672,22.83,859
491,22.67,859
326,22.02,859
956,22.26,859
596,22.49,859
147,22.27,859
133,22.00,859
190,22.32,859
593,0.02,0
424,22.42,859
549,21.98,859
568,22.01,859
607,22.45,859
428,22.01,859
258,21.98,859
541,22.74,859
851,23.53,859
501,22.63,859
752,0.02,0
885,22.69,859
56,22.65,859
919,22.61,859
375,0.05,1
752,0.02,0
976,22.08,859
564,22.77,859
524,22.18,859
718,22.33,859
115,22.38,859
740,22.12,859
101,22.26,859
980,22.46,859
354,22.26,859
927,22.24,859
680,0.03,0
850,22.84,859
433,22.71,859
63,22.70,859
24,22.96,859
607,22.14,859
575,22.71,859
275,22.27,859
878,22.47,859
773,22.13,859
835,22.40,859
38,22.38,859
264,22.33,859
226,22.32,859
252,22.36,859
319,22.46,859
664,22.11,859
683,0.02,0
221,22.26,859
9,22.21,859
532,22.51,859
69,22.00,859
724,22.03,859
42,22.12,859
965,0.02,0
